8172280a-91fc-413b-a4be-d62b33fa8b3b:1713696307913:81:S:DROP TABLE leaderboard;
dd73eb0a-0897-4cd4-bff0-b273a0f5db6d:1713696320931:86:S:CREATE TABLE leaderboard (\n    id NUMBER GENERATED BY DEFAULT ON NULL AS IDENTITY,\n    player_name VARCHAR2(100),\n    score NUMBER,\n    created_at TIMESTAMP DEFAULT CURRENT_TIMESTAMP,\n    PRIMARY KEY (id)\n);
eb6396ff-3cd1-4070-a5ff-f2471e7a9f45:1713703522988:0:F:DROP TABLE leaderboard;
94cf6f77-21f1-424e-8e75-bde9d506b3f3:1713703523240:0:F:CREATE TABLE leaderboard (\n    id NUMBER GENERATED BY DEFAULT ON NULL AS IDENTITY,\n    player_name VARCHAR2(100),\n    score NUMBER,\n    created_at TIMESTAMP DEFAULT CURRENT_TIMESTAMP,\n    PRIMARY KEY (id)\n);
4b0d28d2-7fb7-45d3-9f09-36e172a5488f:1713703533909:0:F:DROP TABLE leaderboard;
003eabdd-cdb2-45ed-962b-0b19e800cf3d:1713703534045:0:F:CREATE TABLE leaderboard (\n    id NUMBER GENERATED BY DEFAULT ON NULL AS IDENTITY,\n    player_name VARCHAR2(100),\n    score NUMBER,\n    created_at TIMESTAMP DEFAULT CURRENT_TIMESTAMP,\n    PRIMARY KEY (id)\n);
1efcc0b0-c719-4991-8207-47c87885f5a6:1713703540442:0:F:DROP TABLE leaderboard;
1d27d5f9-cffd-4f63-a163-c0f01ad2be11:1713703540591:0:F:CREATE TABLE leaderboard (\n    id NUMBER GENERATED BY DEFAULT ON NULL AS IDENTITY,\n    player_name VARCHAR2(100),\n    score NUMBER,\n    created_at TIMESTAMP DEFAULT CURRENT_TIMESTAMP,\n    PRIMARY KEY (id)\n);
d9a52d8a-276f-4afc-a170-1980c6e11ffe:1713703563528:0:F:DROP TABLE leaderboard;
cc7e02bc-7a53-4a48-977e-74ce013ad1ae:1713703563724:0:F:CREATE TABLE leaderboard (\n    id NUMBER GENERATED BY DEFAULT ON NULL AS IDENTITY,\n    player_name VARCHAR2(100),\n    score NUMBER,\n    created_at TIMESTAMP DEFAULT CURRENT_TIMESTAMP,\n    PRIMARY KEY (id)\n);
74d94e6d-ff0b-40d7-94f1-4c48ed7b81ef:1713703591630:0:F:DROP TABLE leaderboard;
57631e58-ffe9-4b38-951a-6e03a6192c44:1713703591741:0:F:CREATE TABLE leaderboard (\n    id NUMBER GENERATED BY DEFAULT ON NULL AS IDENTITY,\n    player_name VARCHAR2(100),\n    score NUMBER,\n    created_at TIMESTAMP DEFAULT CURRENT_TIMESTAMP,\n    PRIMARY KEY (id)\n);
1b2ffeb7-8094-4ab7-90f6-c67ae4baef8b:1713703621576:0:F:DROP TABLE leaderboard;
e40896ff-3767-46e2-863b-772a7b223504:1713703647210:0:F:DROP TABLE leaderboard;
55bae1e5-d7f7-4206-af7e-e809199c03a1:1713703662044:0:F:DROP TABLE leaderboard;
0e5ed00f-2893-4ffa-8985-48364cef7c32:1713703674350:0:F:DROP TABLE leaderboard;
559c22e5-fdc6-45f8-a694-96bb564be8c6:1713703675336:0:F:DROP TABLE leaderboard;
55a5a9c3-5e52-4eb9-ba7f-b963621b2b82:1713703686622:0:F:DROP TABLE leaderboard;
73ac012b-0e15-4282-8f12-91f526d04149:1713703863140:0:F:CREATE TABLE leaderboard (\n    id NUMBER GENERATED BY DEFAULT ON NULL AS IDENTITY,\n    player_name VARCHAR2(100),\n    score NUMBER,\n    created_at TIMESTAMP DEFAULT CURRENT_TIMESTAMP,\n    PRIMARY KEY (id)\n);
ddff1146-5c7b-49cc-bf04-95063981fc7c:1713703875065:0:F:DROP TABLE leaderboard;
08ee19eb-4a6e-4c22-83aa-90b257c2a502:1713703875135:0:F:CREATE TABLE leaderboard (\n    id NUMBER GENERATED BY DEFAULT ON NULL AS IDENTITY,\n    player_name VARCHAR2(100),\n    score NUMBER,\n    created_at TIMESTAMP DEFAULT CURRENT_TIMESTAMP,\n    PRIMARY KEY (id)\n);
1da98360-6b28-4609-9251-e2bda6ff83f4:1713703907747:0:F:DROP TABLE leaderboard;
5e106652-cee8-4946-8f1d-3e14fa38a5da:1713703907821:0:F:CREATE TABLE leaderboard (\n    id NUMBER GENERATED BY DEFAULT ON NULL AS IDENTITY,\n    player_name VARCHAR2(100),\n    score NUMBER,\n    created_at TIMESTAMP DEFAULT CURRENT_TIMESTAMP,\n    PRIMARY KEY (id)\n);
bfc6f7dd-89ed-4d47-8eba-d96692b236aa:1713703921709:0:F:DROP TABLE leaderboard;
d89db698-fd84-448f-b601-c9c3dbbd4a67:1713703923130:0:F:DROP TABLE leaderboard;
72ee8662-0070-4a56-b131-be948194bd2b:1713703931125:0:F:DROP TABLE leaderboard;
5f79f863-7d20-4541-a205-bace66f09994:1713703984336:0:F:DROP TABLE leaderboard;
9bf0cf63-75da-4089-a450-bb5b94e34362:1713703984410:0:F:CREATE TABLE leaderboard (\n    id NUMBER GENERATED BY DEFAULT ON NULL AS IDENTITY,\n    player_name VARCHAR2(100),\n    score NUMBER,\n    created_at TIMESTAMP DEFAULT CURRENT_TIMESTAMP,\n    PRIMARY KEY (id)\n);
4df0dec6-d864-4004-897f-f112a04a608d:1713704083809:0:S:CONN blazitt@leaderboard
c1091ab9-397a-4131-946a-72c3363abf04:1713704110633:0:S:CONN blazitt@leaderboard
